# JRE version: OpenJDK Runtime Environment Temurin-26.0.2+10 (26.0.2+10) (build 26.0.2+10)
# Java VM: OpenJDK 64-Bit Server VM Temurin-26.0.2+10 (26.0.2+10, mixed mode, sharing, tiered, compressed oops, compressed class ptrs, g1 gc, windows-amd64)
GC Precious Log:
 CardTable entry size: 512
 Card Set container configuration: InlinePtr #cards 5 size 8 Array Of Cards #cards 10 size 36 Howl #buckets 4 coarsen threshold 1843 Howl Bitmap #cards 512 size 80 coarsen threshold 460 Card regions per heap region 1 cards per card region 2048
 CPUs: 8 total, 8 available
 Memory: 3820M
 Large Page Support: Disabled
 NUMA Support: Disabled
 Compressed Oops: Enabled (32-bit)
 Heap Region Size: 1M
 Heap Min Capacity: 8M
 Heap Initial Capacity: 8M
 Heap Max Capacity: 956M
 Pre-touch: Disabled
 Parallel Workers: 8
 Concurrent Workers: 2
 Concurrent Refinement Workers: 8
 Periodic GC: Disabled
Heap:
 garbage-first heap   total reserved 978944K, committed 50176K, used 29556K [0x00000000c4400000, 0x0000000100000000)
  region size 1M, 6 eden (6M), 1 survivor (1M), 22 old (22M), 1 humongous (1M), 19 free (19M)
GC Heap Usage History (20 events):
Event: 2.461 {heap Before GC invocations=15 (full 0):
 garbage-first heap   total reserved 978944K, committed 31744K, used 25447K [0x00000000c4400000, 0x0000000100000000)
  region size 1M, 14 eden (14M), 3 survivor (3M), 8 old (8M), 1 humongous (1M), 5 free (5M)
}
Event: 2.467 {heap After GC invocations=16 (full 0):
 garbage-first heap   total reserved 978944K, committed 31744K, used 13741K [0x00000000c4400000, 0x0000000100000000)
  region size 1M, 0 eden (0M), 2 survivor (2M), 11 old (11M), 1 humongous (1M), 17 free (17M)
}
Event: 2.690 {heap Before GC invocations=16 (full 0):
 garbage-first heap   total reserved 978944K, committed 31744K, used 27053K [0x00000000c4400000, 0x0000000100000000)
  region size 1M, 13 eden (13M), 2 survivor (2M), 11 old (11M), 1 humongous (1M), 4 free (4M)
}
Event: 2.694 {heap After GC invocations=17 (full 0):
 garbage-first heap   total reserved 978944K, committed 31744K, used 14949K [0x00000000c4400000, 0x0000000100000000)
  region size 1M, 0 eden (0M), 2 survivor (2M), 13 old (13M), 1 humongous (1M), 15 free (15M)
}
Event: 2.771 {heap Before GC invocations=17 (full 0):
 garbage-first heap   total reserved 978944K, committed 31744K, used 18021K [0x00000000c4400000, 0x0000000100000000)
  region size 1M, 4 eden (4M), 2 survivor (2M), 13 old (13M), 1 humongous (1M), 11 free (11M)
}
Event: 2.774 {heap After GC invocations=18 (full 0):
 garbage-first heap   total reserved 978944K, committed 31744K, used 15137K [0x00000000c4400000, 0x0000000100000000)
  region size 1M, 0 eden (0M), 2 survivor (2M), 13 old (13M), 1 humongous (1M), 15 free (15M)
}
Event: 3.104 {heap Before GC invocations=19 (full 0):
 garbage-first heap   total reserved 978944K, committed 31744K, used 27425K [0x00000000c4400000, 0x0000000100000000)
  region size 1M, 12 eden (12M), 2 survivor (2M), 13 old (13M), 1 humongous (1M), 3 free (3M)
}
Event: 3.109 {heap After GC invocations=20 (full 0):
 garbage-first heap   total reserved 978944K, committed 31744K, used 16273K [0x00000000c4400000, 0x0000000100000000)
  region size 1M, 0 eden (0M), 2 survivor (2M), 14 old (14M), 1 humongous (1M), 14 free (14M)
}
Event: 3.401 {heap Before GC invocations=20 (full 0):
 garbage-first heap   total reserved 978944K, committed 31744K, used 27537K [0x00000000c4400000, 0x0000000100000000)
  region size 1M, 11 eden (11M), 2 survivor (2M), 14 old (14M), 1 humongous (1M), 3 free (3M)
}
Event: 3.408 {heap After GC invocations=21 (full 0):
 garbage-first heap   total reserved 978944K, committed 32768K, used 17474K [0x00000000c4400000, 0x0000000100000000)
  region size 1M, 0 eden (0M), 2 survivor (2M), 15 old (15M), 1 humongous (1M), 14 free (14M)
}
Event: 3.648 {heap Before GC invocations=21 (full 0):
 garbage-first heap   total reserved 978944K, committed 32768K, used 28738K [0x00000000c4400000, 0x0000000100000000)
  region size 1M, 11 eden (11M), 2 survivor (2M), 15 old (15M), 1 humongous (1M), 3 free (3M)
}
Event: 3.652 {heap After GC invocations=22 (full 0):
 garbage-first heap   total reserved 978944K, committed 49152K, used 18668K [0x00000000c4400000, 0x0000000100000000)
  region size 1M, 0 eden (0M), 2 survivor (2M), 16 old (16M), 1 humongous (1M), 29 free (29M)
}
Event: 4.266 {heap Before GC invocations=23 (full 0):
 garbage-first heap   total reserved 978944K, committed 49152K, used 41196K [0x00000000c4400000, 0x0000000100000000)
  region size 1M, 23 eden (23M), 2 survivor (2M), 16 old (16M), 1 humongous (1M), 6 free (6M)
}
Event: 4.273 {heap After GC invocations=24 (full 0):
 garbage-first heap   total reserved 978944K, committed 49152K, used 20461K [0x00000000c4400000, 0x0000000100000000)
  region size 1M, 0 eden (0M), 3 survivor (3M), 16 old (16M), 1 humongous (1M), 28 free (28M)
}
Event: 5.237 {heap Before GC invocations=24 (full 0):
 garbage-first heap   total reserved 978944K, committed 49152K, used 41965K [0x00000000c4400000, 0x0000000100000000)
  region size 1M, 22 eden (22M), 3 survivor (3M), 16 old (16M), 1 humongous (1M), 6 free (6M)
}
Event: 5.242 {heap After GC invocations=25 (full 0):
 garbage-first heap   total reserved 978944K, committed 49152K, used 21724K [0x00000000c4400000, 0x0000000100000000)
  region size 1M, 0 eden (0M), 4 survivor (4M), 17 old (17M), 1 humongous (1M), 26 free (26M)
}
Event: 6.162 {heap Before GC invocations=25 (full 0):
 garbage-first heap   total reserved 978944K, committed 49152K, used 43228K [0x00000000c4400000, 0x0000000100000000)
  region size 1M, 21 eden (21M), 4 survivor (4M), 17 old (17M), 1 humongous (1M), 5 free (5M)
}
Event: 6.166 {heap After GC invocations=26 (full 0):
 garbage-first heap   total reserved 978944K, committed 50176K, used 23593K [0x00000000c4400000, 0x0000000100000000)
  region size 1M, 0 eden (0M), 4 survivor (4M), 19 old (19M), 1 humongous (1M), 25 free (25M)
}
Event: 6.570 {heap Before GC invocations=26 (full 0):
 garbage-first heap   total reserved 978944K, committed 50176K, used 29737K [0x00000000c4400000, 0x0000000100000000)
  region size 1M, 7 eden (7M), 4 survivor (4M), 19 old (19M), 1 humongous (1M), 18 free (18M)
}
Event: 6.574 {heap After GC invocations=27 (full 0):
 garbage-first heap   total reserved 978944K, committed 50176K, used 24436K [0x00000000c4400000, 0x0000000100000000)
  region size 1M, 0 eden (0M), 1 survivor (1M), 22 old (22M), 1 humongous (1M), 25 free (25M)
}

