# JRE version: OpenJDK Runtime Environment Temurin-26.0.2+10 (26.0.2+10) (build 26.0.2+10)
# Java VM: OpenJDK 64-Bit Server VM Temurin-26.0.2+10 (26.0.2+10, mixed mode, sharing, tiered, compressed oops, compressed class ptrs, g1 gc, windows-amd64)
GC Precious Log:
 CardTable entry size: 512
 Card Set container configuration: InlinePtr #cards 5 size 8 Array Of Cards #cards 10 size 36 Howl #buckets 4 coarsen threshold 1843 Howl Bitmap #cards 512 size 80 coarsen threshold 460 Card regions per heap region 1 cards per card region 2048
 CPUs: 8 total, 8 available
 Memory: 3820M
 Large Page Support: Disabled
 NUMA Support: Disabled
 Compressed Oops: Enabled (32-bit)
 Heap Region Size: 1M
 Heap Min Capacity: 8M
 Heap Initial Capacity: 8M
 Heap Max Capacity: 956M
 Pre-touch: Disabled
 Parallel Workers: 8
 Concurrent Workers: 2
 Concurrent Refinement Workers: 8
 Periodic GC: Disabled
Heap:
 garbage-first heap   total reserved 978944K, committed 82944K, used 31176K [0x00000000c4400000, 0x0000000100000000)
  region size 1M, 1 eden (1M), 3 survivor (3M), 27 old (27M), 1 humongous (1M), 49 free (49M)
GC Heap Usage History (20 events):
Event: 6.427 {heap Before GC invocations=11 (full 0):
 garbage-first heap   total reserved 978944K, committed 27648K, used 21234K [0x00000000c4400000, 0x0000000100000000)
  region size 1M, 11 eden (11M), 1 survivor (1M), 9 old (9M), 1 humongous (1M), 5 free (5M)
}
Event: 6.436 {heap After GC invocations=12 (full 0):
 garbage-first heap   total reserved 978944K, committed 27648K, used 12539K [0x00000000c4400000, 0x0000000100000000)
  region size 1M, 0 eden (0M), 2 survivor (2M), 10 old (10M), 1 humongous (1M), 14 free (14M)
}
Event: 7.293 {heap Before GC invocations=12 (full 0):
 garbage-first heap   total reserved 978944K, committed 27648K, used 21755K [0x00000000c4400000, 0x0000000100000000)
  region size 1M, 9 eden (9M), 2 survivor (2M), 10 old (10M), 1 humongous (1M), 5 free (5M)
}
Event: 7.306 {heap After GC invocations=13 (full 0):
 garbage-first heap   total reserved 978944K, committed 27648K, used 13748K [0x00000000c4400000, 0x0000000100000000)
  region size 1M, 0 eden (0M), 1 survivor (1M), 12 old (12M), 1 humongous (1M), 13 free (13M)
}
Event: 8.190 {heap Before GC invocations=13 (full 0):
 garbage-first heap   total reserved 978944K, committed 27648K, used 21940K [0x00000000c4400000, 0x0000000100000000)
  region size 1M, 9 eden (9M), 1 survivor (1M), 12 old (12M), 1 humongous (1M), 4 free (4M)
}
Event: 8.199 {heap After GC invocations=14 (full 0):
 garbage-first heap   total reserved 978944K, committed 27648K, used 14282K [0x00000000c4400000, 0x0000000100000000)
  region size 1M, 0 eden (0M), 2 survivor (2M), 12 old (12M), 1 humongous (1M), 12 free (12M)
}
Event: 8.734 {heap Before GC invocations=15 (full 0):
 garbage-first heap   total reserved 978944K, committed 27648K, used 22474K [0x00000000c4400000, 0x0000000100000000)
  region size 1M, 8 eden (8M), 2 survivor (2M), 12 old (12M), 1 humongous (1M), 4 free (4M)
}
Event: 8.748 {heap After GC invocations=16 (full 0):
 garbage-first heap   total reserved 978944K, committed 82944K, used 15056K [0x00000000c4400000, 0x0000000100000000)
  region size 1M, 0 eden (0M), 2 survivor (2M), 13 old (13M), 1 humongous (1M), 65 free (65M)
}
Event: 12.375 {heap Before GC invocations=16 (full 0):
 garbage-first heap   total reserved 978944K, committed 82944K, used 62160K [0x00000000c4400000, 0x0000000100000000)
  region size 1M, 46 eden (46M), 2 survivor (2M), 13 old (13M), 1 humongous (1M), 19 free (19M)
}
Event: 12.408 {heap After GC invocations=17 (full 0):
 garbage-first heap   total reserved 978944K, committed 82944K, used 19172K [0x00000000c4400000, 0x0000000100000000)
  region size 1M, 0 eden (0M), 6 survivor (6M), 13 old (13M), 1 humongous (1M), 61 free (61M)
}
Event: 15.366 {heap Before GC invocations=17 (full 0):
 garbage-first heap   total reserved 978944K, committed 82944K, used 52964K [0x00000000c4400000, 0x0000000100000000)
  region size 1M, 34 eden (34M), 6 survivor (6M), 13 old (13M), 1 humongous (1M), 27 free (27M)
}
Event: 15.379 {heap After GC invocations=18 (full 0):
 garbage-first heap   total reserved 978944K, committed 82944K, used 22172K [0x00000000c4400000, 0x0000000100000000)
  region size 1M, 0 eden (0M), 3 survivor (3M), 18 old (18M), 1 humongous (1M), 59 free (59M)
}
Event: 19.658 {heap Before GC invocations=19 (full 0):
 garbage-first heap   total reserved 978944K, committed 82944K, used 68252K [0x00000000c4400000, 0x0000000100000000)
  region size 1M, 45 eden (45M), 3 survivor (3M), 18 old (18M), 1 humongous (1M), 14 free (14M)
}
Event: 19.670 {heap After GC invocations=20 (full 0):
 garbage-first heap   total reserved 978944K, committed 82944K, used 25468K [0x00000000c4400000, 0x0000000100000000)
  region size 1M, 0 eden (0M), 6 survivor (6M), 18 old (18M), 1 humongous (1M), 56 free (56M)
}
Event: 22.998 {heap Before GC invocations=20 (full 0):
 garbage-first heap   total reserved 978944K, committed 82944K, used 68476K [0x00000000c4400000, 0x0000000100000000)
  region size 1M, 42 eden (42M), 6 survivor (6M), 18 old (18M), 1 humongous (1M), 14 free (14M)
}
Event: 23.020 {heap After GC invocations=21 (full 0):
 garbage-first heap   total reserved 978944K, committed 82944K, used 28398K [0x00000000c4400000, 0x0000000100000000)
  region size 1M, 0 eden (0M), 4 survivor (4M), 24 old (24M), 1 humongous (1M), 52 free (52M)
}
Event: 23.754 {heap Before GC invocations=21 (full 0):
 garbage-first heap   total reserved 978944K, committed 82944K, used 41710K [0x00000000c4400000, 0x0000000100000000)
  region size 1M, 14 eden (14M), 4 survivor (4M), 24 old (24M), 1 humongous (1M), 38 free (38M)
}
Event: 23.764 {heap After GC invocations=22 (full 0):
 garbage-first heap   total reserved 978944K, committed 82944K, used 29694K [0x00000000c4400000, 0x0000000100000000)
  region size 1M, 0 eden (0M), 2 survivor (2M), 27 old (27M), 1 humongous (1M), 51 free (51M)
}
Event: 923.707 {heap Before GC invocations=23 (full 0):
 garbage-first heap   total reserved 978944K, committed 82944K, used 51198K [0x00000000c4400000, 0x0000000100000000)
  region size 1M, 22 eden (22M), 2 survivor (2M), 27 old (27M), 1 humongous (1M), 29 free (29M)
}
Event: 923.912 {heap After GC invocations=24 (full 0):
 garbage-first heap   total reserved 978944K, committed 82944K, used 31176K [0x00000000c4400000, 0x0000000100000000)
  region size 1M, 0 eden (0M), 3 survivor (3M), 27 old (27M), 1 humongous (1M), 50 free (50M)
}

