# JRE version: OpenJDK Runtime Environment Temurin-26.0.2+10 (26.0.2+10) (build 26.0.2+10)
# Java VM: OpenJDK 64-Bit Server VM Temurin-26.0.2+10 (26.0.2+10, mixed mode, sharing, tiered, compressed oops, compressed class ptrs, g1 gc, windows-amd64)
GC Precious Log:
 CardTable entry size: 512
 Card Set container configuration: InlinePtr #cards 5 size 8 Array Of Cards #cards 10 size 36 Howl #buckets 4 coarsen threshold 1843 Howl Bitmap #cards 512 size 80 coarsen threshold 460 Card regions per heap region 1 cards per card region 2048
 CPUs: 8 total, 8 available
 Memory: 3820M
 Large Page Support: Disabled
 NUMA Support: Disabled
 Compressed Oops: Enabled (32-bit)
 Heap Region Size: 1M
 Heap Min Capacity: 8M
 Heap Initial Capacity: 8M
 Heap Max Capacity: 956M
 Pre-touch: Disabled
 Parallel Workers: 8
 Concurrent Workers: 2
 Concurrent Refinement Workers: 8
 Periodic GC: Disabled
Heap:
 garbage-first heap   total reserved 978944K, committed 30720K, used 17296K [0x00000000c4400000, 0x0000000100000000)
  region size 1M, 0 eden (0M), 2 survivor (2M), 14 old (14M), 1 humongous (1M), 13 free (13M)
GC Heap Usage History (20 events):
Event: 0.344 {heap After GC invocations=8 (full 0):
 garbage-first heap   total reserved 978944K, committed 30720K, used 6243K [0x00000000c4400000, 0x0000000100000000)
  region size 1M, 0 eden (0M), 1 survivor (1M), 5 old (5M), 1 humongous (1M), 23 free (23M)
}
Event: 0.809 {heap Before GC invocations=8 (full 0):
 garbage-first heap   total reserved 978944K, committed 30720K, used 16483K [0x00000000c4400000, 0x0000000100000000)
  region size 1M, 11 eden (11M), 1 survivor (1M), 5 old (5M), 1 humongous (1M), 12 free (12M)
}
Event: 0.812 {heap After GC invocations=9 (full 0):
 garbage-first heap   total reserved 978944K, committed 30720K, used 7443K [0x00000000c4400000, 0x0000000100000000)
  region size 1M, 0 eden (0M), 2 survivor (2M), 5 old (5M), 1 humongous (1M), 22 free (22M)
}
Event: 1.233 {heap Before GC invocations=9 (full 0):
 garbage-first heap   total reserved 978944K, committed 30720K, used 21779K [0x00000000c4400000, 0x0000000100000000)
  region size 1M, 14 eden (14M), 2 survivor (2M), 5 old (5M), 1 humongous (1M), 8 free (8M)
}
Event: 1.237 {heap After GC invocations=10 (full 0):
 garbage-first heap   total reserved 978944K, committed 30720K, used 8611K [0x00000000c4400000, 0x0000000100000000)
  region size 1M, 0 eden (0M), 2 survivor (2M), 7 old (7M), 1 humongous (1M), 20 free (20M)
}
Event: 1.463 {heap Before GC invocations=10 (full 0):
 garbage-first heap   total reserved 978944K, committed 30720K, used 22947K [0x00000000c4400000, 0x0000000100000000)
  region size 1M, 14 eden (14M), 2 survivor (2M), 7 old (7M), 1 humongous (1M), 6 free (6M)
}
Event: 1.466 {heap After GC invocations=11 (full 0):
 garbage-first heap   total reserved 978944K, committed 30720K, used 9866K [0x00000000c4400000, 0x0000000100000000)
  region size 1M, 0 eden (0M), 2 survivor (2M), 8 old (8M), 1 humongous (1M), 19 free (19M)
}
Event: 1.741 {heap Before GC invocations=11 (full 0):
 garbage-first heap   total reserved 978944K, committed 30720K, used 24202K [0x00000000c4400000, 0x0000000100000000)
  region size 1M, 14 eden (14M), 2 survivor (2M), 8 old (8M), 1 humongous (1M), 5 free (5M)
}
Event: 1.744 {heap After GC invocations=12 (full 0):
 garbage-first heap   total reserved 978944K, committed 30720K, used 11141K [0x00000000c4400000, 0x0000000100000000)
  region size 1M, 0 eden (0M), 2 survivor (2M), 9 old (9M), 1 humongous (1M), 18 free (18M)
}
Event: 2.108 {heap Before GC invocations=12 (full 0):
 garbage-first heap   total reserved 978944K, committed 30720K, used 23429K [0x00000000c4400000, 0x0000000100000000)
  region size 1M, 13 eden (13M), 2 survivor (2M), 9 old (9M), 1 humongous (1M), 5 free (5M)
}
Event: 2.111 {heap After GC invocations=13 (full 0):
 garbage-first heap   total reserved 978944K, committed 30720K, used 13029K [0x00000000c4400000, 0x0000000100000000)
  region size 1M, 0 eden (0M), 2 survivor (2M), 10 old (10M), 1 humongous (1M), 17 free (17M)
}
Event: 2.485 {heap Before GC invocations=13 (full 0):
 garbage-first heap   total reserved 978944K, committed 30720K, used 25317K [0x00000000c4400000, 0x0000000100000000)
  region size 1M, 12 eden (12M), 2 survivor (2M), 10 old (10M), 1 humongous (1M), 5 free (5M)
}
Event: 2.491 {heap After GC invocations=14 (full 0):
 garbage-first heap   total reserved 978944K, committed 30720K, used 14122K [0x00000000c4400000, 0x0000000100000000)
  region size 1M, 0 eden (0M), 2 survivor (2M), 12 old (12M), 1 humongous (1M), 15 free (15M)
}
Event: 2.834 {heap Before GC invocations=14 (full 0):
 garbage-first heap   total reserved 978944K, committed 30720K, used 25386K [0x00000000c4400000, 0x0000000100000000)
  region size 1M, 11 eden (11M), 2 survivor (2M), 12 old (12M), 1 humongous (1M), 4 free (4M)
}
Event: 2.839 {heap After GC invocations=15 (full 0):
 garbage-first heap   total reserved 978944K, committed 30720K, used 15006K [0x00000000c4400000, 0x0000000100000000)
  region size 1M, 0 eden (0M), 2 survivor (2M), 12 old (12M), 1 humongous (1M), 15 free (15M)
}
Event: 2.949 {heap Before GC invocations=15 (full 0):
 garbage-first heap   total reserved 978944K, committed 30720K, used 17054K [0x00000000c4400000, 0x0000000100000000)
  region size 1M, 4 eden (4M), 2 survivor (2M), 12 old (12M), 1 humongous (1M), 11 free (11M)
}
Event: 2.953 {heap After GC invocations=16 (full 0):
 garbage-first heap   total reserved 978944K, committed 30720K, used 15284K [0x00000000c4400000, 0x0000000100000000)
  region size 1M, 0 eden (0M), 2 survivor (2M), 13 old (13M), 1 humongous (1M), 14 free (14M)
}
Event: 3.499 {heap Before GC invocations=17 (full 0):
 garbage-first heap   total reserved 978944K, committed 30720K, used 26548K [0x00000000c4400000, 0x0000000100000000)
  region size 1M, 11 eden (11M), 2 survivor (2M), 13 old (13M), 1 humongous (1M), 3 free (3M)
}
Event: 3.503 {heap After GC invocations=18 (full 0):
 garbage-first heap   total reserved 978944K, committed 30720K, used 16430K [0x00000000c4400000, 0x0000000100000000)
  region size 1M, 0 eden (0M), 2 survivor (2M), 14 old (14M), 1 humongous (1M), 13 free (13M)
}
Event: 3.931 {heap Before GC invocations=18 (full 0):
 garbage-first heap   total reserved 978944K, committed 30720K, used 26670K [0x00000000c4400000, 0x0000000100000000)
  region size 1M, 10 eden (10M), 2 survivor (2M), 14 old (14M), 1 humongous (1M), 3 free (3M)
}

