# JRE version: OpenJDK Runtime Environment Temurin-26.0.2+10 (26.0.2+10) (build 26.0.2+10)
# Java VM: OpenJDK 64-Bit Server VM Temurin-26.0.2+10 (26.0.2+10, mixed mode, sharing, tiered, compressed oops, compressed class ptrs, g1 gc, windows-amd64)
GC Precious Log:
 CardTable entry size: 512
 Card Set container configuration: InlinePtr #cards 5 size 8 Array Of Cards #cards 10 size 36 Howl #buckets 4 coarsen threshold 1843 Howl Bitmap #cards 512 size 80 coarsen threshold 460 Card regions per heap region 1 cards per card region 2048
 CPUs: 8 total, 8 available
 Memory: 3820M
 Large Page Support: Disabled
 NUMA Support: Disabled
 Compressed Oops: Enabled (32-bit)
 Heap Region Size: 1M
 Heap Min Capacity: 8M
 Heap Initial Capacity: 8M
 Heap Max Capacity: 956M
 Pre-touch: Disabled
 Parallel Workers: 8
 Concurrent Workers: 2
 Concurrent Refinement Workers: 8
 Periodic GC: Disabled
Heap:
 garbage-first heap   total reserved 978944K, committed 119808K, used 57623K [0x00000000c4400000, 0x0000000100000000)
  region size 1M, 29 eden (29M), 4 survivor (4M), 25 old (25M), 1 humongous (1M), 58 free (58M)
GC Heap Usage History (20 events):
Event: 2.388 {heap Before GC invocations=22 (full 0):
 garbage-first heap   total reserved 978944K, committed 39936K, used 31321K [0x00000000c4400000, 0x0000000100000000)
  region size 1M, 18 eden (18M), 3 survivor (3M), 9 old (9M), 1 humongous (1M), 8 free (8M)
}
Event: 2.396 {heap After GC invocations=23 (full 0):
 garbage-first heap   total reserved 978944K, committed 39936K, used 14617K [0x00000000c4400000, 0x0000000100000000)
  region size 1M, 0 eden (0M), 2 survivor (2M), 12 old (12M), 1 humongous (1M), 24 free (24M)
}
Event: 2.654 {heap Before GC invocations=23 (full 0):
 garbage-first heap   total reserved 978944K, committed 39936K, used 19737K [0x00000000c4400000, 0x0000000100000000)
  region size 1M, 7 eden (7M), 2 survivor (2M), 12 old (12M), 1 humongous (1M), 17 free (17M)
}
Event: 2.658 {heap After GC invocations=24 (full 0):
 garbage-first heap   total reserved 978944K, committed 39936K, used 15063K [0x00000000c4400000, 0x0000000100000000)
  region size 1M, 0 eden (0M), 2 survivor (2M), 12 old (12M), 1 humongous (1M), 24 free (24M)
}
Event: 3.417 {heap Before GC invocations=25 (full 0):
 garbage-first heap   total reserved 978944K, committed 39936K, used 33495K [0x00000000c4400000, 0x0000000100000000)
  region size 1M, 18 eden (18M), 2 survivor (2M), 12 old (12M), 1 humongous (1M), 6 free (6M)
}
Event: 3.425 {heap After GC invocations=26 (full 0):
 garbage-first heap   total reserved 978944K, committed 39936K, used 17074K [0x00000000c4400000, 0x0000000100000000)
  region size 1M, 0 eden (0M), 3 survivor (3M), 14 old (14M), 1 humongous (1M), 21 free (21M)
}
Event: 3.915 {heap Before GC invocations=26 (full 0):
 garbage-first heap   total reserved 978944K, committed 39936K, used 33458K [0x00000000c4400000, 0x0000000100000000)
  region size 1M, 16 eden (16M), 3 survivor (3M), 14 old (14M), 1 humongous (1M), 5 free (5M)
}
Event: 3.926 {heap After GC invocations=27 (full 0):
 garbage-first heap   total reserved 978944K, committed 39936K, used 18259K [0x00000000c4400000, 0x0000000100000000)
  region size 1M, 0 eden (0M), 2 survivor (2M), 15 old (15M), 1 humongous (1M), 21 free (21M)
}
Event: 4.452 {heap Before GC invocations=27 (full 0):
 garbage-first heap   total reserved 978944K, committed 39936K, used 33619K [0x00000000c4400000, 0x0000000100000000)
  region size 1M, 16 eden (16M), 2 survivor (2M), 15 old (15M), 1 humongous (1M), 5 free (5M)
}
Event: 4.457 {heap After GC invocations=28 (full 0):
 garbage-first heap   total reserved 978944K, committed 39936K, used 19649K [0x00000000c4400000, 0x0000000100000000)
  region size 1M, 0 eden (0M), 2 survivor (2M), 17 old (17M), 1 humongous (1M), 19 free (19M)
}
Event: 4.755 {heap Before GC invocations=28 (full 0):
 garbage-first heap   total reserved 978944K, committed 39936K, used 32961K [0x00000000c4400000, 0x0000000100000000)
  region size 1M, 14 eden (14M), 2 survivor (2M), 17 old (17M), 1 humongous (1M), 5 free (5M)
}
Event: 4.758 {heap After GC invocations=29 (full 0):
 garbage-first heap   total reserved 978944K, committed 39936K, used 21204K [0x00000000c4400000, 0x0000000100000000)
  region size 1M, 0 eden (0M), 2 survivor (2M), 19 old (19M), 1 humongous (1M), 17 free (17M)
}
Event: 5.225 {heap Before GC invocations=30 (full 0):
 garbage-first heap   total reserved 978944K, committed 39936K, used 34516K [0x00000000c4400000, 0x0000000100000000)
  region size 1M, 13 eden (13M), 2 survivor (2M), 19 old (19M), 1 humongous (1M), 4 free (4M)
}
Event: 5.228 {heap After GC invocations=31 (full 0):
 garbage-first heap   total reserved 978944K, committed 119808K, used 21898K [0x00000000c4400000, 0x0000000100000000)
  region size 1M, 0 eden (0M), 1 survivor (1M), 20 old (20M), 1 humongous (1M), 95 free (95M)
}
Event: 7.303 {heap Before GC invocations=31 (full 0):
 garbage-first heap   total reserved 978944K, committed 119808K, used 84362K [0x00000000c4400000, 0x0000000100000000)
  region size 1M, 63 eden (63M), 1 survivor (1M), 20 old (20M), 1 humongous (1M), 32 free (32M)
}
Event: 7.312 {heap After GC invocations=32 (full 0):
 garbage-first heap   total reserved 978944K, committed 119808K, used 26046K [0x00000000c4400000, 0x0000000100000000)
  region size 1M, 0 eden (0M), 6 survivor (6M), 20 old (20M), 1 humongous (1M), 90 free (90M)
}
Event: 7.409 {heap Before GC invocations=32 (full 0):
 garbage-first heap   total reserved 978944K, committed 119808K, used 29118K [0x00000000c4400000, 0x0000000100000000)
  region size 1M, 4 eden (4M), 6 survivor (6M), 20 old (20M), 1 humongous (1M), 86 free (86M)
}
Event: 7.413 {heap After GC invocations=33 (full 0):
 garbage-first heap   total reserved 978944K, committed 119808K, used 26502K [0x00000000c4400000, 0x0000000100000000)
  region size 1M, 0 eden (0M), 5 survivor (5M), 21 old (21M), 1 humongous (1M), 90 free (90M)
}
Event: 436.378 {heap Before GC invocations=34 (full 0):
 garbage-first heap   total reserved 978944K, committed 119808K, used 72582K [0x00000000c4400000, 0x0000000100000000)
  region size 1M, 45 eden (45M), 5 survivor (5M), 21 old (21M), 1 humongous (1M), 45 free (45M)
}
Event: 436.489 {heap After GC invocations=35 (full 0):
 garbage-first heap   total reserved 978944K, committed 119808K, used 29975K [0x00000000c4400000, 0x0000000100000000)
  region size 1M, 0 eden (0M), 4 survivor (4M), 25 old (25M), 1 humongous (1M), 87 free (87M)
}

